# JRE version: OpenJDK Runtime Environment (11.0.10) (build 11.0.10+0-b96-7249189)
# Java VM: OpenJDK 64-Bit Server VM (11.0.10+0-b96-7249189, mixed mode, tiered, compressed oops, g1 gc, windows-amd64)
Heap:
 garbage-first heap   total 254976K, used 166912K [0x0000000080000000, 0x0000000100000000)
  region size 1024K, 4 young (4096K), 4 survivors (4096K)
 Metaspace       used 140604K, capacity 144345K, committed 144428K, reserved 1187840K
  class space    used 17419K, capacity 18774K, committed 18816K, reserved 1048576K
GC Heap History (20 events):
Event: 240.559 GC heap before
{Heap before GC invocations=113 (full 0):
 garbage-first heap   total 254976K, used 204666K [0x0000000080000000, 0x0000000100000000)
  region size 1024K, 82 young (83968K), 6 survivors (6144K)
 Metaspace       used 126539K, capacity 129821K, committed 130092K, reserved 1163264K
  class space    used 15518K, capacity 16691K, committed 16768K, reserved 1048576K
}
Event: 240.575 GC heap after
{Heap after GC invocations=114 (full 0):
 garbage-first heap   total 254976K, used 126363K [0x0000000080000000, 0x0000000100000000)
  region size 1024K, 5 young (5120K), 5 survivors (5120K)
 Metaspace       used 126539K, capacity 129821K, committed 130092K, reserved 1163264K
  class space    used 15518K, capacity 16691K, committed 16768K, reserved 1048576K
}
Event: 243.869 GC heap before
{Heap before GC invocations=114 (full 0):
 garbage-first heap   total 254976K, used 210331K [0x0000000080000000, 0x0000000100000000)
  region size 1024K, 85 young (87040K), 5 survivors (5120K)
 Metaspace       used 126543K, capacity 129853K, committed 130092K, reserved 1163264K
  class space    used 15519K, capacity 16723K, committed 16768K, reserved 1048576K
}
Event: 243.888 GC heap after
{Heap after GC invocations=115 (full 0):
 garbage-first heap   total 254976K, used 128894K [0x0000000080000000, 0x0000000100000000)
  region size 1024K, 6 young (6144K), 6 survivors (6144K)
 Metaspace       used 126543K, capacity 129853K, committed 130092K, reserved 1163264K
  class space    used 15519K, capacity 16723K, committed 16768K, reserved 1048576K
}
Event: 244.778 GC heap before
{Heap before GC invocations=115 (full 0):
 garbage-first heap   total 254976K, used 210814K [0x0000000080000000, 0x0000000100000000)
  region size 1024K, 86 young (88064K), 6 survivors (6144K)
 Metaspace       used 126543K, capacity 129853K, committed 130092K, reserved 1163264K
  class space    used 15519K, capacity 16723K, committed 16768K, reserved 1048576K
}
Event: 244.792 GC heap after
{Heap after GC invocations=116 (full 0):
 garbage-first heap   total 254976K, used 129410K [0x0000000080000000, 0x0000000100000000)
  region size 1024K, 6 young (6144K), 6 survivors (6144K)
 Metaspace       used 126543K, capacity 129853K, committed 130092K, reserved 1163264K
  class space    used 15519K, capacity 16723K, committed 16768K, reserved 1048576K
}
Event: 248.991 GC heap before
{Heap before GC invocations=116 (full 0):
 garbage-first heap   total 254976K, used 215426K [0x0000000080000000, 0x0000000100000000)
  region size 1024K, 88 young (90112K), 6 survivors (6144K)
 Metaspace       used 133085K, capacity 136608K, committed 136876K, reserved 1169408K
  class space    used 16356K, capacity 17590K, committed 17664K, reserved 1048576K
}
Event: 249.054 GC heap after
{Heap after GC invocations=117 (full 0):
 garbage-first heap   total 254976K, used 134791K [0x0000000080000000, 0x0000000100000000)
  region size 1024K, 11 young (11264K), 11 survivors (11264K)
 Metaspace       used 133085K, capacity 136608K, committed 136876K, reserved 1169408K
  class space    used 16356K, capacity 17590K, committed 17664K, reserved 1048576K
}
Event: 253.217 GC heap before
{Heap before GC invocations=117 (full 0):
 garbage-first heap   total 254976K, used 212615K [0x0000000080000000, 0x0000000100000000)
  region size 1024K, 88 young (90112K), 11 survivors (11264K)
 Metaspace       used 134652K, capacity 138293K, committed 138540K, reserved 1169408K
  class space    used 16504K, capacity 17760K, committed 17792K, reserved 1048576K
}
Event: 253.268 GC heap after
{Heap after GC invocations=118 (full 0):
 garbage-first heap   total 254976K, used 132290K [0x0000000080000000, 0x0000000100000000)
  region size 1024K, 3 young (3072K), 3 survivors (3072K)
 Metaspace       used 134652K, capacity 138293K, committed 138540K, reserved 1169408K
  class space    used 16504K, capacity 17760K, committed 17792K, reserved 1048576K
}
Event: 257.263 GC heap before
{Heap before GC invocations=118 (full 0):
 garbage-first heap   total 254976K, used 211138K [0x0000000080000000, 0x0000000100000000)
  region size 1024K, 81 young (82944K), 3 survivors (3072K)
 Metaspace       used 134658K, capacity 138295K, committed 138540K, reserved 1169408K
  class space    used 16504K, capacity 17760K, committed 17792K, reserved 1048576K
}
Event: 257.278 GC heap after
{Heap after GC invocations=119 (full 0):
 garbage-first heap   total 254976K, used 135245K [0x0000000080000000, 0x0000000100000000)
  region size 1024K, 6 young (6144K), 6 survivors (6144K)
 Metaspace       used 134658K, capacity 138295K, committed 138540K, reserved 1169408K
  class space    used 16504K, capacity 17760K, committed 17792K, reserved 1048576K
}
Event: 259.719 GC heap before
{Heap before GC invocations=119 (full 0):
 garbage-first heap   total 254976K, used 213069K [0x0000000080000000, 0x0000000100000000)
  region size 1024K, 83 young (84992K), 6 survivors (6144K)
 Metaspace       used 136071K, capacity 139682K, committed 139820K, reserved 1171456K
  class space    used 16701K, capacity 17986K, committed 18048K, reserved 1048576K
}
Event: 259.753 GC heap after
{Heap after GC invocations=120 (full 0):
 garbage-first heap   total 254976K, used 143453K [0x0000000080000000, 0x0000000100000000)
  region size 1024K, 11 young (11264K), 11 survivors (11264K)
 Metaspace       used 136071K, capacity 139682K, committed 139820K, reserved 1171456K
  class space    used 16701K, capacity 17986K, committed 18048K, reserved 1048576K
}
Event: 261.420 GC heap before
{Heap before GC invocations=120 (full 0):
 garbage-first heap   total 254976K, used 211037K [0x0000000080000000, 0x0000000100000000)
  region size 1024K, 77 young (78848K), 11 survivors (11264K)
 Metaspace       used 137307K, capacity 140965K, committed 141228K, reserved 1173504K
  class space    used 16833K, capacity 18129K, committed 18176K, reserved 1048576K
}
Event: 261.504 GC heap after
{Heap after GC invocations=121 (full 0):
 garbage-first heap   total 254976K, used 152810K [0x0000000080000000, 0x0000000100000000)
  region size 1024K, 10 young (10240K), 10 survivors (10240K)
 Metaspace       used 137307K, capacity 140965K, committed 141228K, reserved 1173504K
  class space    used 16833K, capacity 18129K, committed 18176K, reserved 1048576K
}
Event: 262.685 GC heap before
{Heap before GC invocations=121 (full 0):
 garbage-first heap   total 254976K, used 209130K [0x0000000080000000, 0x0000000100000000)
  region size 1024K, 65 young (66560K), 10 survivors (10240K)
 Metaspace       used 138097K, capacity 141804K, committed 141868K, reserved 1173504K
  class space    used 16943K, capacity 18260K, committed 18304K, reserved 1048576K
}
Event: 262.820 GC heap after
{Heap after GC invocations=122 (full 0):
 garbage-first heap   total 254976K, used 162816K [0x0000000080000000, 0x0000000100000000)
  region size 1024K, 9 young (9216K), 9 survivors (9216K)
 Metaspace       used 138097K, capacity 141804K, committed 141868K, reserved 1173504K
  class space    used 16943K, capacity 18260K, committed 18304K, reserved 1048576K
}
Event: 263.899 GC heap before
{Heap before GC invocations=122 (full 0):
 garbage-first heap   total 254976K, used 193536K [0x0000000080000000, 0x0000000100000000)
  region size 1024K, 40 young (40960K), 9 survivors (9216K)
 Metaspace       used 140604K, capacity 144345K, committed 144428K, reserved 1185792K
  class space    used 17419K, capacity 18774K, committed 18816K, reserved 1048576K
}
Event: 263.975 GC heap after
{Heap after GC invocations=123 (full 0):
 garbage-first heap   total 254976K, used 166912K [0x0000000080000000, 0x0000000100000000)
  region size 1024K, 4 young (4096K), 4 survivors (4096K)
 Metaspace       used 140604K, capacity 144345K, committed 144428K, reserved 1185792K
  class space    used 17419K, capacity 18774K, committed 18816K, reserved 1048576K
}

