# JRE version: OpenJDK Runtime Environment (11.0.10) (build 11.0.10+0-b96-7249189)
# Java VM: OpenJDK 64-Bit Server VM (11.0.10+0-b96-7249189, mixed mode, tiered, compressed oops, g1 gc, windows-amd64)
Heap:
 garbage-first heap   total 146432K, used 92780K [0x0000000080000000, 0x0000000100000000)
  region size 1024K, 4 young (4096K), 2 survivors (2048K)
 Metaspace       used 82497K, capacity 84629K, committed 84864K, reserved 1124352K
  class space    used 10591K, capacity 11345K, committed 11392K, reserved 1048576K
GC Heap History (20 events):
Event: 66.293 GC heap before
{Heap before GC invocations=51 (full 0):
 garbage-first heap   total 121856K, used 100349K [0x0000000080000000, 0x0000000100000000)
  region size 1024K, 30 young (30720K), 5 survivors (5120K)
 Metaspace       used 81591K, capacity 83720K, committed 83840K, reserved 1122304K
  class space    used 10521K, capacity 11292K, committed 11392K, reserved 1048576K
}
Event: 66.374 GC heap after
{Heap after GC invocations=52 (full 0):
 garbage-first heap   total 146432K, used 81911K [0x0000000080000000, 0x0000000100000000)
  region size 1024K, 4 young (4096K), 4 survivors (4096K)
 Metaspace       used 81591K, capacity 83720K, committed 83840K, reserved 1122304K
  class space    used 10521K, capacity 11292K, committed 11392K, reserved 1048576K
}
Event: 68.127 GC heap before
{Heap before GC invocations=52 (full 0):
 garbage-first heap   total 146432K, used 88055K [0x0000000080000000, 0x0000000100000000)
  region size 1024K, 12 young (12288K), 4 survivors (4096K)
 Metaspace       used 81847K, capacity 83918K, committed 84096K, reserved 1122304K
  class space    used 10545K, capacity 11293K, committed 11392K, reserved 1048576K
}
Event: 68.153 GC heap after
{Heap after GC invocations=53 (full 0):
 garbage-first heap   total 146432K, used 83957K [0x0000000080000000, 0x0000000100000000)
  region size 1024K, 2 young (2048K), 2 survivors (2048K)
 Metaspace       used 81847K, capacity 83918K, committed 84096K, reserved 1122304K
  class space    used 10545K, capacity 11293K, committed 11392K, reserved 1048576K
}
Event: 68.480 GC heap before
{Heap before GC invocations=54 (full 0):
 garbage-first heap   total 146432K, used 84981K [0x0000000080000000, 0x0000000100000000)
  region size 1024K, 3 young (3072K), 2 survivors (2048K)
 Metaspace       used 81847K, capacity 83918K, committed 84096K, reserved 1122304K
  class space    used 10545K, capacity 11293K, committed 11392K, reserved 1048576K
}
Event: 68.495 GC heap after
{Heap after GC invocations=55 (full 0):
 garbage-first heap   total 146432K, used 84265K [0x0000000080000000, 0x0000000100000000)
  region size 1024K, 1 young (1024K), 1 survivors (1024K)
 Metaspace       used 81847K, capacity 83918K, committed 84096K, reserved 1122304K
  class space    used 10545K, capacity 11293K, committed 11392K, reserved 1048576K
}
Event: 69.150 GC heap before
{Heap before GC invocations=56 (full 0):
 garbage-first heap   total 146432K, used 89385K [0x0000000080000000, 0x0000000100000000)
  region size 1024K, 2 young (2048K), 1 survivors (1024K)
 Metaspace       used 81902K, capacity 84014K, committed 84096K, reserved 1122304K
  class space    used 10551K, capacity 11325K, committed 11392K, reserved 1048576K
}
Event: 69.161 GC heap after
{Heap after GC invocations=57 (full 0):
 garbage-first heap   total 146432K, used 85284K [0x0000000080000000, 0x0000000100000000)
  region size 1024K, 1 young (1024K), 1 survivors (1024K)
 Metaspace       used 81902K, capacity 84014K, committed 84096K, reserved 1122304K
  class space    used 10551K, capacity 11325K, committed 11392K, reserved 1048576K
}
Event: 73.739 GC heap before
{Heap before GC invocations=58 (full 0):
 garbage-first heap   total 146432K, used 106788K [0x0000000080000000, 0x0000000100000000)
  region size 1024K, 21 young (21504K), 1 survivors (1024K)
 Metaspace       used 81995K, capacity 84081K, committed 84352K, reserved 1122304K
  class space    used 10560K, capacity 11326K, committed 11392K, reserved 1048576K
}
Event: 73.770 GC heap after
{Heap after GC invocations=59 (full 0):
 garbage-first heap   total 146432K, used 85896K [0x0000000080000000, 0x0000000100000000)
  region size 1024K, 3 young (3072K), 3 survivors (3072K)
 Metaspace       used 81995K, capacity 84081K, committed 84352K, reserved 1122304K
  class space    used 10560K, capacity 11326K, committed 11392K, reserved 1048576K
}
Event: 75.124 GC heap before
{Heap before GC invocations=59 (full 0):
 garbage-first heap   total 146432K, used 107400K [0x0000000080000000, 0x0000000100000000)
  region size 1024K, 24 young (24576K), 3 survivors (3072K)
 Metaspace       used 82022K, capacity 84146K, committed 84352K, reserved 1122304K
  class space    used 10560K, capacity 11326K, committed 11392K, reserved 1048576K
}
Event: 75.145 GC heap after
{Heap after GC invocations=60 (full 0):
 garbage-first heap   total 146432K, used 86450K [0x0000000080000000, 0x0000000100000000)
  region size 1024K, 1 young (1024K), 1 survivors (1024K)
 Metaspace       used 82022K, capacity 84146K, committed 84352K, reserved 1122304K
  class space    used 10560K, capacity 11326K, committed 11392K, reserved 1048576K
}
Event: 75.780 GC heap before
{Heap before GC invocations=61 (full 0):
 garbage-first heap   total 146432K, used 108978K [0x0000000080000000, 0x0000000100000000)
  region size 1024K, 23 young (23552K), 1 survivors (1024K)
 Metaspace       used 82025K, capacity 84146K, committed 84352K, reserved 1122304K
  class space    used 10560K, capacity 11326K, committed 11392K, reserved 1048576K
}
Event: 75.784 GC heap after
{Heap after GC invocations=62 (full 0):
 garbage-first heap   total 146432K, used 86082K [0x0000000080000000, 0x0000000100000000)
  region size 1024K, 1 young (1024K), 1 survivors (1024K)
 Metaspace       used 82025K, capacity 84146K, committed 84352K, reserved 1122304K
  class space    used 10560K, capacity 11326K, committed 11392K, reserved 1048576K
}
Event: 76.961 GC heap before
{Heap before GC invocations=62 (full 0):
 garbage-first heap   total 146432K, used 105538K [0x0000000080000000, 0x0000000100000000)
  region size 1024K, 22 young (22528K), 1 survivors (1024K)
 Metaspace       used 82050K, capacity 84216K, committed 84352K, reserved 1122304K
  class space    used 10562K, capacity 11328K, committed 11392K, reserved 1048576K
}
Event: 76.974 GC heap after
{Heap after GC invocations=63 (full 0):
 garbage-first heap   total 146432K, used 90231K [0x0000000080000000, 0x0000000100000000)
  region size 1024K, 4 young (4096K), 4 survivors (4096K)
 Metaspace       used 82050K, capacity 84216K, committed 84352K, reserved 1122304K
  class space    used 10562K, capacity 11328K, committed 11392K, reserved 1048576K
}
Event: 77.316 GC heap before
{Heap before GC invocations=64 (full 0):
 garbage-first heap   total 146432K, used 91255K [0x0000000080000000, 0x0000000100000000)
  region size 1024K, 5 young (5120K), 4 survivors (4096K)
 Metaspace       used 82050K, capacity 84216K, committed 84352K, reserved 1122304K
  class space    used 10562K, capacity 11328K, committed 11392K, reserved 1048576K
}
Event: 77.335 GC heap after
{Heap after GC invocations=65 (full 0):
 garbage-first heap   total 146432K, used 91050K [0x0000000080000000, 0x0000000100000000)
  region size 1024K, 1 young (1024K), 1 survivors (1024K)
 Metaspace       used 82050K, capacity 84216K, committed 84352K, reserved 1122304K
  class space    used 10562K, capacity 11328K, committed 11392K, reserved 1048576K
}
Event: 77.819 GC heap before
{Heap before GC invocations=66 (full 0):
 garbage-first heap   total 146432K, used 102314K [0x0000000080000000, 0x0000000100000000)
  region size 1024K, 2 young (2048K), 1 survivors (1024K)
 Metaspace       used 82050K, capacity 84216K, committed 84352K, reserved 1122304K
  class space    used 10562K, capacity 11328K, committed 11392K, reserved 1048576K
}
Event: 77.823 GC heap after
{Heap after GC invocations=67 (full 0):
 garbage-first heap   total 146432K, used 97057K [0x0000000080000000, 0x0000000100000000)
  region size 1024K, 1 young (1024K), 1 survivors (1024K)
 Metaspace       used 82050K, capacity 84216K, committed 84352K, reserved 1122304K
  class space    used 10562K, capacity 11328K, committed 11392K, reserved 1048576K
}

