# JRE version: OpenJDK Runtime Environment (11.0.10) (build 11.0.10+0-b96-7249189)
# Java VM: OpenJDK 64-Bit Server VM (11.0.10+0-b96-7249189, mixed mode, tiered, compressed oops, g1 gc, windows-amd64)
Heap:
 garbage-first heap   total 146432K, used 109401K [0x0000000080000000, 0x0000000100000000)
  region size 1024K, 47 young (48128K), 5 survivors (5120K)
 Metaspace       used 80962K, capacity 82980K, committed 83200K, reserved 1122304K
  class space    used 10425K, capacity 11159K, committed 11264K, reserved 1048576K
GC Heap History (20 events):
Event: 23.873 GC heap before
{Heap before GC invocations=37 (full 0):
 garbage-first heap   total 83968K, used 60627K [0x0000000080000000, 0x0000000100000000)
  region size 1024K, 19 young (19456K), 2 survivors (2048K)
 Metaspace       used 57795K, capacity 59216K, committed 59392K, reserved 1101824K
  class space    used 7317K, capacity 7848K, committed 7936K, reserved 1048576K
}
Event: 23.895 GC heap after
{Heap after GC invocations=38 (full 0):
 garbage-first heap   total 101376K, used 45097K [0x0000000080000000, 0x0000000100000000)
  region size 1024K, 3 young (3072K), 3 survivors (3072K)
 Metaspace       used 57795K, capacity 59216K, committed 59392K, reserved 1101824K
  class space    used 7317K, capacity 7848K, committed 7936K, reserved 1048576K
}
Event: 25.397 GC heap before
{Heap before GC invocations=38 (full 0):
 garbage-first heap   total 101376K, used 69673K [0x0000000080000000, 0x0000000100000000)
  region size 1024K, 28 young (28672K), 3 survivors (3072K)
 Metaspace       used 60322K, capacity 61658K, committed 61952K, reserved 1103872K
  class space    used 7617K, capacity 8124K, committed 8192K, reserved 1048576K
}
Event: 25.411 GC heap after
{Heap after GC invocations=39 (full 0):
 garbage-first heap   total 101376K, used 47834K [0x0000000080000000, 0x0000000100000000)
  region size 1024K, 4 young (4096K), 4 survivors (4096K)
 Metaspace       used 60322K, capacity 61658K, committed 61952K, reserved 1103872K
  class space    used 7617K, capacity 8124K, committed 8192K, reserved 1048576K
}
Event: 26.250 GC heap before
{Heap before GC invocations=39 (full 0):
 garbage-first heap   total 101376K, used 73434K [0x0000000080000000, 0x0000000100000000)
  region size 1024K, 29 young (29696K), 4 survivors (4096K)
 Metaspace       used 62938K, capacity 64459K, committed 64640K, reserved 1105920K
  class space    used 7938K, capacity 8494K, committed 8576K, reserved 1048576K
}
Event: 26.266 GC heap after
{Heap after GC invocations=40 (full 0):
 garbage-first heap   total 101376K, used 50674K [0x0000000080000000, 0x0000000100000000)
  region size 1024K, 3 young (3072K), 3 survivors (3072K)
 Metaspace       used 62938K, capacity 64459K, committed 64640K, reserved 1105920K
  class space    used 7938K, capacity 8494K, committed 8576K, reserved 1048576K
}
Event: 26.786 GC heap before
{Heap before GC invocations=40 (full 0):
 garbage-first heap   total 101376K, used 75250K [0x0000000080000000, 0x0000000100000000)
  region size 1024K, 27 young (27648K), 3 survivors (3072K)
 Metaspace       used 63569K, capacity 65131K, committed 65280K, reserved 1105920K
  class space    used 8048K, capacity 8631K, committed 8704K, reserved 1048576K
}
Event: 26.801 GC heap after
{Heap after GC invocations=41 (full 0):
 garbage-first heap   total 101376K, used 52585K [0x0000000080000000, 0x0000000100000000)
  region size 1024K, 3 young (3072K), 3 survivors (3072K)
 Metaspace       used 63569K, capacity 65131K, committed 65280K, reserved 1105920K
  class space    used 8048K, capacity 8631K, committed 8704K, reserved 1048576K
}
Event: 28.202 GC heap before
{Heap before GC invocations=42 (full 0):
 garbage-first heap   total 101376K, used 77161K [0x0000000080000000, 0x0000000100000000)
  region size 1024K, 27 young (27648K), 3 survivors (3072K)
 Metaspace       used 66469K, capacity 68034K, committed 68224K, reserved 1107968K
  class space    used 8520K, capacity 9088K, committed 9088K, reserved 1048576K
}
Event: 28.216 GC heap after
{Heap after GC invocations=43 (full 0):
 garbage-first heap   total 121856K, used 53933K [0x0000000080000000, 0x0000000100000000)
  region size 1024K, 2 young (2048K), 2 survivors (2048K)
 Metaspace       used 66469K, capacity 68034K, committed 68224K, reserved 1107968K
  class space    used 8520K, capacity 9088K, committed 9088K, reserved 1048576K
}
Event: 30.384 GC heap before
{Heap before GC invocations=43 (full 0):
 garbage-first heap   total 121856K, used 86701K [0x0000000080000000, 0x0000000100000000)
  region size 1024K, 34 young (34816K), 2 survivors (2048K)
 Metaspace       used 69784K, capacity 71371K, committed 71552K, reserved 1112064K
  class space    used 9017K, capacity 9592K, committed 9600K, reserved 1048576K
}
Event: 30.399 GC heap after
{Heap after GC invocations=44 (full 0):
 garbage-first heap   total 121856K, used 55982K [0x0000000080000000, 0x0000000100000000)
  region size 1024K, 4 young (4096K), 4 survivors (4096K)
 Metaspace       used 69784K, capacity 71371K, committed 71552K, reserved 1112064K
  class space    used 9017K, capacity 9592K, committed 9600K, reserved 1048576K
}
Event: 32.578 GC heap before
{Heap before GC invocations=44 (full 0):
 garbage-first heap   total 121856K, used 89774K [0x0000000080000000, 0x0000000100000000)
  region size 1024K, 37 young (37888K), 4 survivors (4096K)
 Metaspace       used 74276K, capacity 75934K, committed 76160K, reserved 1116160K
  class space    used 9651K, capacity 10289K, committed 10368K, reserved 1048576K
}
Event: 32.597 GC heap after
{Heap after GC invocations=45 (full 0):
 garbage-first heap   total 121856K, used 57918K [0x0000000080000000, 0x0000000100000000)
  region size 1024K, 4 young (4096K), 4 survivors (4096K)
 Metaspace       used 74276K, capacity 75934K, committed 76160K, reserved 1116160K
  class space    used 9651K, capacity 10289K, committed 10368K, reserved 1048576K
}
Event: 34.720 GC heap before
{Heap before GC invocations=45 (full 0):
 garbage-first heap   total 121856K, used 91710K [0x0000000080000000, 0x0000000100000000)
  region size 1024K, 37 young (37888K), 4 survivors (4096K)
 Metaspace       used 76916K, capacity 78639K, committed 78848K, reserved 1118208K
  class space    used 10012K, capacity 10643K, committed 10752K, reserved 1048576K
}
Event: 34.770 GC heap after
{Heap after GC invocations=46 (full 0):
 garbage-first heap   total 121856K, used 60577K [0x0000000080000000, 0x0000000100000000)
  region size 1024K, 5 young (5120K), 5 survivors (5120K)
 Metaspace       used 76916K, capacity 78639K, committed 78848K, reserved 1118208K
  class space    used 10012K, capacity 10643K, committed 10752K, reserved 1048576K
}
Event: 37.847 GC heap before
{Heap before GC invocations=46 (full 0):
 garbage-first heap   total 121856K, used 92321K [0x0000000080000000, 0x0000000100000000)
  region size 1024K, 37 young (37888K), 5 survivors (5120K)
 Metaspace       used 78694K, capacity 80564K, committed 80640K, reserved 1118208K
  class space    used 10261K, capacity 10984K, committed 11008K, reserved 1048576K
}
Event: 37.876 GC heap after
{Heap after GC invocations=47 (full 0):
 garbage-first heap   total 146432K, used 62808K [0x0000000080000000, 0x0000000100000000)
  region size 1024K, 5 young (5120K), 5 survivors (5120K)
 Metaspace       used 78694K, capacity 80564K, committed 80640K, reserved 1118208K
  class space    used 10261K, capacity 10984K, committed 11008K, reserved 1048576K
}
Event: 43.252 GC heap before
{Heap before GC invocations=48 (full 0):
 garbage-first heap   total 146432K, used 104792K [0x0000000080000000, 0x0000000100000000)
  region size 1024K, 47 young (48128K), 5 survivors (5120K)
 Metaspace       used 80593K, capacity 82532K, committed 82688K, reserved 1120256K
  class space    used 10425K, capacity 11159K, committed 11264K, reserved 1048576K
}
Event: 43.297 GC heap after
{Heap after GC invocations=49 (full 0):
 garbage-first heap   total 146432K, used 65369K [0x0000000080000000, 0x0000000100000000)
  region size 1024K, 5 young (5120K), 5 survivors (5120K)
 Metaspace       used 80593K, capacity 82532K, committed 82688K, reserved 1120256K
  class space    used 10425K, capacity 11159K, committed 11264K, reserved 1048576K
}

