# JRE version: OpenJDK Runtime Environment (11.0.10) (build 11.0.10+0-b96-7249189)
# Java VM: OpenJDK 64-Bit Server VM (11.0.10+0-b96-7249189, mixed mode, tiered, compressed oops, g1 gc, windows-amd64)
Heap:
 garbage-first heap   total 83968K, used 59713K [0x0000000080000000, 0x0000000100000000)
  region size 1024K, 9 young (9216K), 2 survivors (2048K)
 Metaspace       used 68632K, capacity 70261K, committed 70400K, reserved 1110016K
  class space    used 8860K, capacity 9461K, committed 9472K, reserved 1048576K
GC Heap History (20 events):
Event: 26.087 GC heap before
{Heap before GC invocations=25 (full 0):
 garbage-first heap   total 83968K, used 63848K [0x0000000080000000, 0x0000000100000000)
  region size 1024K, 26 young (26624K), 4 survivors (4096K)
 Metaspace       used 50460K, capacity 51787K, committed 51968K, reserved 1093632K
  class space    used 6413K, capacity 6890K, committed 6912K, reserved 1048576K
}
Event: 26.097 GC heap after
{Heap after GC invocations=26 (full 0):
 garbage-first heap   total 83968K, used 42346K [0x0000000080000000, 0x0000000100000000)
  region size 1024K, 1 young (1024K), 1 survivors (1024K)
 Metaspace       used 50460K, capacity 51787K, committed 51968K, reserved 1093632K
  class space    used 6413K, capacity 6890K, committed 6912K, reserved 1048576K
}
Event: 27.492 GC heap before
{Heap before GC invocations=27 (full 0):
 garbage-first heap   total 83968K, used 64874K [0x0000000080000000, 0x0000000100000000)
  region size 1024K, 23 young (23552K), 1 survivors (1024K)
 Metaspace       used 53744K, capacity 55096K, committed 55296K, reserved 1097728K
  class space    used 6823K, capacity 7331K, committed 7424K, reserved 1048576K
}
Event: 27.510 GC heap after
{Heap after GC invocations=28 (full 0):
 garbage-first heap   total 83968K, used 43223K [0x0000000080000000, 0x0000000100000000)
  region size 1024K, 2 young (2048K), 2 survivors (2048K)
 Metaspace       used 53744K, capacity 55096K, committed 55296K, reserved 1097728K
  class space    used 6823K, capacity 7331K, committed 7424K, reserved 1048576K
}
Event: 29.088 GC heap before
{Heap before GC invocations=28 (full 0):
 garbage-first heap   total 83968K, used 65751K [0x0000000080000000, 0x0000000100000000)
  region size 1024K, 24 young (24576K), 2 survivors (2048K)
 Metaspace       used 57666K, capacity 59156K, committed 59392K, reserved 1101824K
  class space    used 7304K, capacity 7850K, committed 7936K, reserved 1048576K
}
Event: 29.101 GC heap after
{Heap after GC invocations=29 (full 0):
 garbage-first heap   total 83968K, used 44219K [0x0000000080000000, 0x0000000100000000)
  region size 1024K, 2 young (2048K), 2 survivors (2048K)
 Metaspace       used 57666K, capacity 59156K, committed 59392K, reserved 1101824K
  class space    used 7304K, capacity 7850K, committed 7936K, reserved 1048576K
}
Event: 31.237 GC heap before
{Heap before GC invocations=30 (full 0):
 garbage-first heap   total 83968K, used 65723K [0x0000000080000000, 0x0000000100000000)
  region size 1024K, 24 young (24576K), 2 survivors (2048K)
 Metaspace       used 59768K, capacity 61190K, committed 61312K, reserved 1101824K
  class space    used 7549K, capacity 8057K, committed 8064K, reserved 1048576K
}
Event: 31.251 GC heap after
{Heap after GC invocations=31 (full 0):
 garbage-first heap   total 83968K, used 46876K [0x0000000080000000, 0x0000000100000000)
  region size 1024K, 3 young (3072K), 3 survivors (3072K)
 Metaspace       used 59768K, capacity 61190K, committed 61312K, reserved 1101824K
  class space    used 7549K, capacity 8057K, committed 8064K, reserved 1048576K
}
Event: 36.791 GC heap before
{Heap before GC invocations=31 (full 0):
 garbage-first heap   total 83968K, used 68380K [0x0000000080000000, 0x0000000100000000)
  region size 1024K, 24 young (24576K), 3 survivors (3072K)
 Metaspace       used 62083K, capacity 63526K, committed 63744K, reserved 1103872K
  class space    used 7832K, capacity 8360K, committed 8448K, reserved 1048576K
}
Event: 36.807 GC heap after
{Heap after GC invocations=32 (full 0):
 garbage-first heap   total 83968K, used 48417K [0x0000000080000000, 0x0000000100000000)
  region size 1024K, 2 young (2048K), 2 survivors (2048K)
 Metaspace       used 62083K, capacity 63526K, committed 63744K, reserved 1103872K
  class space    used 7832K, capacity 8360K, committed 8448K, reserved 1048576K
}
Event: 37.978 GC heap before
{Heap before GC invocations=33 (full 0):
 garbage-first heap   total 83968K, used 53537K [0x0000000080000000, 0x0000000100000000)
  region size 1024K, 9 young (9216K), 2 survivors (2048K)
 Metaspace       used 62623K, capacity 64114K, committed 64256K, reserved 1105920K
  class space    used 7917K, capacity 8427K, committed 8448K, reserved 1048576K
}
Event: 37.993 GC heap after
{Heap after GC invocations=34 (full 0):
 garbage-first heap   total 83968K, used 48892K [0x0000000080000000, 0x0000000100000000)
  region size 1024K, 2 young (2048K), 2 survivors (2048K)
 Metaspace       used 62623K, capacity 64114K, committed 64256K, reserved 1105920K
  class space    used 7917K, capacity 8427K, committed 8448K, reserved 1048576K
}
Event: 40.846 GC heap before
{Heap before GC invocations=35 (full 0):
 garbage-first heap   total 83968K, used 68348K [0x0000000080000000, 0x0000000100000000)
  region size 1024K, 20 young (20480K), 2 survivors (2048K)
 Metaspace       used 63445K, capacity 64965K, committed 65280K, reserved 1105920K
  class space    used 8047K, capacity 8598K, committed 8704K, reserved 1048576K
}
Event: 40.857 GC heap after
{Heap after GC invocations=36 (full 0):
 garbage-first heap   total 83968K, used 50405K [0x0000000080000000, 0x0000000100000000)
  region size 1024K, 3 young (3072K), 3 survivors (3072K)
 Metaspace       used 63445K, capacity 64965K, committed 65280K, reserved 1105920K
  class space    used 8047K, capacity 8598K, committed 8704K, reserved 1048576K
}
Event: 42.199 GC heap before
{Heap before GC invocations=36 (full 0):
 garbage-first heap   total 83968K, used 65765K [0x0000000080000000, 0x0000000100000000)
  region size 1024K, 19 young (19456K), 3 survivors (3072K)
 Metaspace       used 64162K, capacity 65709K, committed 65792K, reserved 1105920K
  class space    used 8132K, capacity 8698K, committed 8704K, reserved 1048576K
}
Event: 42.210 GC heap after
{Heap after GC invocations=37 (full 0):
 garbage-first heap   total 83968K, used 51823K [0x0000000080000000, 0x0000000100000000)
  region size 1024K, 2 young (2048K), 2 survivors (2048K)
 Metaspace       used 64162K, capacity 65709K, committed 65792K, reserved 1105920K
  class space    used 8132K, capacity 8698K, committed 8704K, reserved 1048576K
}
Event: 44.719 GC heap before
{Heap before GC invocations=38 (full 0):
 garbage-first heap   total 83968K, used 68207K [0x0000000080000000, 0x0000000100000000)
  region size 1024K, 18 young (18432K), 2 survivors (2048K)
 Metaspace       used 66275K, capacity 67845K, committed 68096K, reserved 1107968K
  class space    used 8496K, capacity 9089K, committed 9216K, reserved 1048576K
}
Event: 44.727 GC heap after
{Heap after GC invocations=39 (full 0):
 garbage-first heap   total 83968K, used 52743K [0x0000000080000000, 0x0000000100000000)
  region size 1024K, 3 young (3072K), 3 survivors (3072K)
 Metaspace       used 66275K, capacity 67845K, committed 68096K, reserved 1107968K
  class space    used 8496K, capacity 9089K, committed 9216K, reserved 1048576K
}
Event: 46.882 GC heap before
{Heap before GC invocations=39 (full 0):
 garbage-first heap   total 83968K, used 68103K [0x0000000080000000, 0x0000000100000000)
  region size 1024K, 18 young (18432K), 3 survivors (3072K)
 Metaspace       used 68224K, capacity 69859K, committed 70144K, reserved 1110016K
  class space    used 8804K, capacity 9393K, committed 9472K, reserved 1048576K
}
Event: 46.892 GC heap after
{Heap after GC invocations=40 (full 0):
 garbage-first heap   total 83968K, used 53569K [0x0000000080000000, 0x0000000100000000)
  region size 1024K, 2 young (2048K), 2 survivors (2048K)
 Metaspace       used 68224K, capacity 69859K, committed 70144K, reserved 1110016K
  class space    used 8804K, capacity 9393K, committed 9472K, reserved 1048576K
}

